nohup: ignoring input
2025-04-21 16:54:00,794 - INFO - logging_config - setup_logging - 日志系统初始化完成
2025-04-21 16:54:00,794 - INFO - logging_config - setup_logging - 日志系统初始化完成
/data2/vortex/StarVortex/util/notification.py:731: UserWarning: The name 'notification' is already registered for this blueprint. Use 'name=' to provide a unique name. This will become an error in Flask 2.1.
  app.register_blueprint(notification_bp, url_prefix='')
2025-04-21 16:54:00,836 - INFO - notification - init_app - 通知系统已初始化
2025-04-21 16:54:00,837 - INFO - schedule_tasks - init_scheduler - 已初始化新的调度器
2025-04-21 16:54:00,837 - INFO - base - add_job - Adding job tentatively -- it will be properly scheduled when the scheduler starts
2025-04-21 16:54:00,837 - INFO - schedule_tasks - setup_scheduler - 已设置截止日期提醒任务，将在每天 18:00 执行
2025-04-21 16:54:00,838 - INFO - base - _real_add_job - Added job "截止日期提醒" to job store "default"
2025-04-21 16:54:00,838 - INFO - base - start - Scheduler started
2025-04-21 16:54:00,838 - INFO - schedule_tasks - setup_scheduler - 定时任务调度器已启动
2025-04-21 16:54:00,838 - INFO - main - create_app - 截止日期提醒功能已启用，设置为每天 18:00
2025-04-21 16:54:00,838 - INFO - main - create_app - 截止日期提醒功能已启用，设置为每天 18:00
 * Serving Flask app 'main' (lazy loading)
 * Environment: production
   WARNING: This is a development server. Do not use it in a production deployment.
   Use a production WSGI server instead.
 * Debug mode: off
2025-04-21 16:54:00,840 - WARNING - _internal - _log -  * Running on all addresses.
   WARNING: This is a development server. Do not use it in a production deployment.
2025-04-21 16:54:00,840 - WARNING - _internal - _log -  * Running on all addresses.
   WARNING: This is a development server. Do not use it in a production deployment.
2025-04-21 16:54:00,840 - INFO - _internal - _log -  * Running on http://172.16.244.156:10099/ (Press CTRL+C to quit)
2025-04-21 16:54:00,840 - INFO - _internal - _log -  * Running on http://172.16.244.156:10099/ (Press CTRL+C to quit)
